This file contains any messages produced by compilers while
running configure, to aid debugging if configure makes a mistake.

It was created by configure, which was
generated by GNU Autoconf 2.68.  Invocation command line was

  $ ./configure --with-icu-config=/usr/bin/icu-config --with-defaultstemmer=MECAB --enable-mecab=yes --enable-kill3number=yes --with-mecab-config=/usr/local/bin/mecab-config

## --------- ##
## Platform. ##
## --------- ##

hostname = ip-10-101-21-178
uname -m = x86_64
uname -r = 3.2.21-1.32.6.amzn1.x86_64
uname -s = Linux
uname -v = #1 SMP Sat Jun 23 02:32:15 UTC 2012

/usr/bin/uname -p = unknown
/bin/uname -X     = unknown

/bin/arch              = x86_64
/usr/bin/arch -k       = unknown
/usr/convex/getsysinfo = unknown
/usr/bin/hostinfo      = unknown
/bin/machine           = unknown
/usr/bin/oslevel       = unknown
/bin/universe          = unknown

PATH: /usr/local/bin
PATH: /bin
PATH: /usr/bin
PATH: /usr/local/sbin
PATH: /usr/sbin
PATH: /sbin
PATH: /opt/aws/bin
PATH: /home/ec2-user/bin


## ----------- ##
## Core tests. ##
## ----------- ##

configure:2458: checking build system type
configure:2472: result: x86_64-unknown-linux-gnu
configure:2492: checking host system type
configure:2505: result: x86_64-unknown-linux-gnu
configure:2573: checking for gcc
configure:2589: found /usr/bin/gcc
configure:2600: result: gcc
configure:2829: checking for C compiler version
configure:2838: gcc --version >&5
gcc (GCC) 4.4.6 20110731 (Red Hat 4.4.6-3)
Copyright (C) 2010 Free Software Foundation, Inc.
This is free software; see the source for copying conditions.  There is NO
warranty; not even for MERCHANTABILITY or FITNESS FOR A PARTICULAR PURPOSE.

configure:2849: $? = 0
configure:2838: gcc -v >&5
Using built-in specs.
Target: x86_64-amazon-linux
Configured with: ../configure --prefix=/usr --mandir=/usr/share/man --infodir=/usr/share/info --with-bugurl=http://bugzilla.redhat.com/bugzilla --enable-bootstrap --enable-shared --enable-threads=posix --enable-checking=release --with-system-zlib --enable-__cxa_atexit --disable-libunwind-exceptions --enable-gnu-unique-object --disable-gjdoc --enable-languages=c,c++,objc,obj-c++,java,fortran,ada --disable-libgcj --with-ppl --with-cloog --with-tune=generic --with-arch_32=i686 --build=x86_64-amazon-linux
Thread model: posix
gcc version 4.4.6 20110731 (Red Hat 4.4.6-3) (GCC) 
configure:2849: $? = 0
configure:2838: gcc -V >&5
gcc: '-V' option must have argument
configure:2849: $? = 1
configure:2838: gcc -qversion >&5
gcc: unrecognized option '-qversion'
gcc: no input files
configure:2849: $? = 1
configure:2869: checking whether the C compiler works
configure:2891: gcc    conftest.c  >&5
configure:2895: $? = 0
configure:2943: result: yes
configure:2946: checking for C compiler default output file name
configure:2948: result: a.out
configure:2954: checking for suffix of executables
configure:2961: gcc -o conftest    conftest.c  >&5
configure:2965: $? = 0
configure:2987: result: 
configure:3009: checking whether we are cross compiling
configure:3017: gcc -o conftest    conftest.c  >&5
configure:3021: $? = 0
configure:3028: ./conftest
configure:3032: $? = 0
configure:3047: result: no
configure:3052: checking for suffix of object files
configure:3074: gcc -c   conftest.c >&5
configure:3078: $? = 0
configure:3099: result: o
configure:3103: checking whether we are using the GNU C compiler
configure:3122: gcc -c   conftest.c >&5
configure:3122: $? = 0
configure:3131: result: yes
configure:3140: checking whether gcc accepts -g
configure:3160: gcc -c -g  conftest.c >&5
configure:3160: $? = 0
configure:3201: result: yes
configure:3218: checking for gcc option to accept ISO C89
configure:3282: gcc  -c -g -O2  conftest.c >&5
configure:3282: $? = 0
configure:3295: result: none needed
configure:3315: checking for a sed that does not truncate output
configure:3379: result: /bin/sed
configure:3397: checking for grep that handles long lines and -e
configure:3455: result: /bin/grep
configure:3460: checking for egrep
configure:3522: result: /bin/grep -E
configure:3527: checking for fgrep
configure:3589: result: /bin/grep -F
configure:3624: checking for ld used by gcc
configure:3691: result: /usr/bin/ld
configure:3698: checking if the linker (/usr/bin/ld) is GNU ld
configure:3713: result: yes
configure:3725: checking for BSD- or MS-compatible name lister (nm)
configure:3774: result: /usr/bin/nm -B
configure:3892: checking the name lister (/usr/bin/nm -B) interface
configure:3899: gcc -c -g -O2  conftest.c >&5
configure:3902: /usr/bin/nm -B "conftest.o"
configure:3905: output
0000000000000000 B some_variable
configure:3912: result: BSD nm
configure:3915: checking whether ln -s works
configure:3919: result: yes
configure:3927: checking the maximum length of command line arguments
configure:4047: result: 1572864
configure:4064: checking whether the shell understands some XSI constructs
configure:4074: result: yes
configure:4078: checking whether the shell understands "+="
configure:4084: result: yes
configure:4119: checking for /usr/bin/ld option to reload object files
configure:4126: result: -r
configure:4195: checking for objdump
configure:4211: found /usr/bin/objdump
configure:4222: result: objdump
configure:4254: checking how to recognize dependent libraries
configure:4450: result: pass_all
configure:4510: checking for ar
configure:4526: found /usr/bin/ar
configure:4537: result: ar
configure:4615: checking for strip
configure:4631: found /usr/bin/strip
configure:4642: result: strip
configure:4714: checking for ranlib
configure:4730: found /usr/bin/ranlib
configure:4741: result: ranlib
configure:4831: checking command to parse /usr/bin/nm -B output from gcc object
configure:4949: gcc -c -g -O2  conftest.c >&5
configure:4952: $? = 0
configure:4956: /usr/bin/nm -B conftest.o \| sed -n -e 's/^.*[	 ]\([ABCDGIRSTW][ABCDGIRSTW]*\)[	 ][	 ]*\([_A-Za-z][_A-Za-z0-9]*\)$/\1 \2 \2/p' \> conftest.nm
configure:4959: $? = 0
configure:5013: gcc -o conftest -g -O2   conftest.c conftstm.o >&5
configure:5016: $? = 0
configure:5054: result: ok
configure:5150: gcc -c -g -O2  conftest.c >&5
configure:5153: $? = 0
configure:5863: checking how to run the C preprocessor
configure:5894: gcc -E  conftest.c
configure:5894: $? = 0
configure:5908: gcc -E  conftest.c
conftest.c:9:28: error: ac_nonexistent.h: No such file or directory
configure:5908: $? = 1
configure: failed program was:
| /* confdefs.h */
| #define PACKAGE_NAME ""
| #define PACKAGE_TARNAME ""
| #define PACKAGE_VERSION ""
| #define PACKAGE_STRING ""
| #define PACKAGE_BUGREPORT ""
| #define PACKAGE_URL ""
| /* end confdefs.h.  */
| #include <ac_nonexistent.h>
configure:5933: result: gcc -E
configure:5953: gcc -E  conftest.c
configure:5953: $? = 0
configure:5967: gcc -E  conftest.c
conftest.c:9:28: error: ac_nonexistent.h: No such file or directory
configure:5967: $? = 1
configure: failed program was:
| /* confdefs.h */
| #define PACKAGE_NAME ""
| #define PACKAGE_TARNAME ""
| #define PACKAGE_VERSION ""
| #define PACKAGE_STRING ""
| #define PACKAGE_BUGREPORT ""
| #define PACKAGE_URL ""
| /* end confdefs.h.  */
| #include <ac_nonexistent.h>
configure:5996: checking for ANSI C header files
configure:6016: gcc -c -g -O2  conftest.c >&5
configure:6016: $? = 0
configure:6089: gcc -o conftest -g -O2   conftest.c  >&5
configure:6089: $? = 0
configure:6089: ./conftest
configure:6089: $? = 0
configure:6100: result: yes
configure:6113: checking for sys/types.h
configure:6113: gcc -c -g -O2  conftest.c >&5
configure:6113: $? = 0
configure:6113: result: yes
configure:6113: checking for sys/stat.h
configure:6113: gcc -c -g -O2  conftest.c >&5
configure:6113: $? = 0
configure:6113: result: yes
configure:6113: checking for stdlib.h
configure:6113: gcc -c -g -O2  conftest.c >&5
configure:6113: $? = 0
configure:6113: result: yes
configure:6113: checking for string.h
configure:6113: gcc -c -g -O2  conftest.c >&5
configure:6113: $? = 0
configure:6113: result: yes
configure:6113: checking for memory.h
configure:6113: gcc -c -g -O2  conftest.c >&5
configure:6113: $? = 0
configure:6113: result: yes
configure:6113: checking for strings.h
configure:6113: gcc -c -g -O2  conftest.c >&5
configure:6113: $? = 0
configure:6113: result: yes
configure:6113: checking for inttypes.h
configure:6113: gcc -c -g -O2  conftest.c >&5
configure:6113: $? = 0
configure:6113: result: yes
configure:6113: checking for stdint.h
configure:6113: gcc -c -g -O2  conftest.c >&5
configure:6113: $? = 0
configure:6113: result: yes
configure:6113: checking for unistd.h
configure:6113: gcc -c -g -O2  conftest.c >&5
configure:6113: $? = 0
configure:6113: result: yes
configure:6127: checking for dlfcn.h
configure:6127: gcc -c -g -O2  conftest.c >&5
configure:6127: $? = 0
configure:6127: result: yes
configure:6311: checking for objdir
configure:6326: result: .libs
configure:6618: checking if gcc supports -fno-rtti -fno-exceptions
configure:6636: gcc -c -g -O2  -fno-rtti -fno-exceptions conftest.c >&5
cc1: warning: command line option "-fno-rtti" is valid for C++/ObjC++ but not for C
configure:6640: $? = 0
configure:6653: result: no
configure:6673: checking for gcc option to produce PIC
configure:6945: result: -fPIC -DPIC
configure:6957: checking if gcc PIC flag -fPIC -DPIC works
configure:6975: gcc -c -g -O2  -fPIC -DPIC -DPIC conftest.c >&5
configure:6979: $? = 0
configure:6992: result: yes
configure:7016: checking if gcc static flag -static works
configure:7044: result: no
configure:7059: checking if gcc supports -c -o file.o
configure:7080: gcc -c -g -O2  -o out/conftest2.o conftest.c >&5
configure:7084: $? = 0
configure:7106: result: yes
configure:7114: checking if gcc supports -c -o file.o
configure:7161: result: yes
configure:7194: checking whether the gcc linker (/usr/bin/ld -m elf_x86_64) supports shared libraries
configure:8180: result: yes
configure:8217: checking whether -lc should be explicitly linked in
configure:8222: gcc -c -g -O2  conftest.c >&5
configure:8225: $? = 0
configure:8240: gcc -shared conftest.o  -v -Wl,-soname -Wl,conftest -o conftest 2\>\&1 \| /bin/grep  -lc  \>/dev/null 2\>\&1
configure:8243: $? = 0
configure:8255: result: no
configure:8419: checking dynamic linker characteristics
configure:8852: gcc -o conftest -g -O2   -Wl,-rpath -Wl,/foo conftest.c  >&5
configure:8852: $? = 0
configure:9070: result: GNU/Linux ld.so
configure:9172: checking how to hardcode library paths into programs
configure:9197: result: immediate
configure:9717: checking whether stripping libraries is possible
configure:9722: result: yes
configure:9757: checking if libtool supports shared libraries
configure:9759: result: yes
configure:9762: checking whether to build shared libraries
configure:9783: result: yes
configure:9786: checking whether to build static libraries
configure:9790: result: yes
configure:9873: checking for gcc
configure:9900: result: gcc
configure:10129: checking for C compiler version
configure:10138: gcc --version >&5
gcc (GCC) 4.4.6 20110731 (Red Hat 4.4.6-3)
Copyright (C) 2010 Free Software Foundation, Inc.
This is free software; see the source for copying conditions.  There is NO
warranty; not even for MERCHANTABILITY or FITNESS FOR A PARTICULAR PURPOSE.

configure:10149: $? = 0
configure:10138: gcc -v >&5
Using built-in specs.
Target: x86_64-amazon-linux
Configured with: ../configure --prefix=/usr --mandir=/usr/share/man --infodir=/usr/share/info --with-bugurl=http://bugzilla.redhat.com/bugzilla --enable-bootstrap --enable-shared --enable-threads=posix --enable-checking=release --with-system-zlib --enable-__cxa_atexit --disable-libunwind-exceptions --enable-gnu-unique-object --disable-gjdoc --enable-languages=c,c++,objc,obj-c++,java,fortran,ada --disable-libgcj --with-ppl --with-cloog --with-tune=generic --with-arch_32=i686 --build=x86_64-amazon-linux
Thread model: posix
gcc version 4.4.6 20110731 (Red Hat 4.4.6-3) (GCC) 
configure:10149: $? = 0
configure:10138: gcc -V >&5
gcc: '-V' option must have argument
configure:10149: $? = 1
configure:10138: gcc -qversion >&5
gcc: unrecognized option '-qversion'
gcc: no input files
configure:10149: $? = 1
configure:10153: checking whether we are using the GNU C compiler
configure:10181: result: yes
configure:10190: checking whether gcc accepts -g
configure:10251: result: yes
configure:10268: checking for gcc option to accept ISO C89
configure:10345: result: none needed
configure:10423: checking for g++
configure:10439: found /usr/bin/g++
configure:10450: result: g++
configure:10477: checking for C++ compiler version
configure:10486: g++ --version >&5
g++ (GCC) 4.4.6 20110731 (Red Hat 4.4.6-3)
Copyright (C) 2010 Free Software Foundation, Inc.
This is free software; see the source for copying conditions.  There is NO
warranty; not even for MERCHANTABILITY or FITNESS FOR A PARTICULAR PURPOSE.

configure:10497: $? = 0
configure:10486: g++ -v >&5
Using built-in specs.
Target: x86_64-amazon-linux
Configured with: ../configure --prefix=/usr --mandir=/usr/share/man --infodir=/usr/share/info --with-bugurl=http://bugzilla.redhat.com/bugzilla --enable-bootstrap --enable-shared --enable-threads=posix --enable-checking=release --with-system-zlib --enable-__cxa_atexit --disable-libunwind-exceptions --enable-gnu-unique-object --disable-gjdoc --enable-languages=c,c++,objc,obj-c++,java,fortran,ada --disable-libgcj --with-ppl --with-cloog --with-tune=generic --with-arch_32=i686 --build=x86_64-amazon-linux
Thread model: posix
gcc version 4.4.6 20110731 (Red Hat 4.4.6-3) (GCC) 
configure:10497: $? = 0
configure:10486: g++ -V >&5
g++: '-V' option must have argument
configure:10497: $? = 1
configure:10486: g++ -qversion >&5
g++: unrecognized option '-qversion'
g++: no input files
configure:10497: $? = 1
configure:10501: checking whether we are using the GNU C++ compiler
configure:10520: g++ -c   conftest.cpp >&5
configure:10520: $? = 0
configure:10529: result: yes
configure:10538: checking whether g++ accepts -g
configure:10558: g++ -c -g  conftest.cpp >&5
configure:10558: $? = 0
configure:10599: result: yes
configure:10735: checking for C++ compiler version
configure:10744: g++ --version >&5
g++ (GCC) 4.4.6 20110731 (Red Hat 4.4.6-3)
Copyright (C) 2010 Free Software Foundation, Inc.
This is free software; see the source for copying conditions.  There is NO
warranty; not even for MERCHANTABILITY or FITNESS FOR A PARTICULAR PURPOSE.

configure:10755: $? = 0
configure:10744: g++ -v >&5
Using built-in specs.
Target: x86_64-amazon-linux
Configured with: ../configure --prefix=/usr --mandir=/usr/share/man --infodir=/usr/share/info --with-bugurl=http://bugzilla.redhat.com/bugzilla --enable-bootstrap --enable-shared --enable-threads=posix --enable-checking=release --with-system-zlib --enable-__cxa_atexit --disable-libunwind-exceptions --enable-gnu-unique-object --disable-gjdoc --enable-languages=c,c++,objc,obj-c++,java,fortran,ada --disable-libgcj --with-ppl --with-cloog --with-tune=generic --with-arch_32=i686 --build=x86_64-amazon-linux
Thread model: posix
gcc version 4.4.6 20110731 (Red Hat 4.4.6-3) (GCC) 
configure:10755: $? = 0
configure:10744: g++ -V >&5
g++: '-V' option must have argument
configure:10755: $? = 1
configure:10744: g++ -qversion >&5
g++: unrecognized option '-qversion'
g++: no input files
configure:10755: $? = 1
configure:10759: checking whether we are using the GNU C++ compiler
configure:10787: result: yes
configure:10796: checking whether g++ accepts -g
configure:10857: result: yes
configure:10888: checking how to run the C++ preprocessor
configure:10915: g++ -E  conftest.cpp
configure:10915: $? = 0
configure:10929: g++ -E  conftest.cpp
conftest.cpp:21:28: error: ac_nonexistent.h: No such file or directory
configure:10929: $? = 1
configure: failed program was:
| /* confdefs.h */
| #define PACKAGE_NAME ""
| #define PACKAGE_TARNAME ""
| #define PACKAGE_VERSION ""
| #define PACKAGE_STRING ""
| #define PACKAGE_BUGREPORT ""
| #define PACKAGE_URL ""
| #define STDC_HEADERS 1
| #define HAVE_SYS_TYPES_H 1
| #define HAVE_SYS_STAT_H 1
| #define HAVE_STDLIB_H 1
| #define HAVE_STRING_H 1
| #define HAVE_MEMORY_H 1
| #define HAVE_STRINGS_H 1
| #define HAVE_INTTYPES_H 1
| #define HAVE_STDINT_H 1
| #define HAVE_UNISTD_H 1
| #define HAVE_DLFCN_H 1
| #define LT_OBJDIR ".libs/"
| /* end confdefs.h.  */
| #include <ac_nonexistent.h>
configure:10954: result: g++ -E
configure:10974: g++ -E  conftest.cpp
configure:10974: $? = 0
configure:10988: g++ -E  conftest.cpp
conftest.cpp:21:28: error: ac_nonexistent.h: No such file or directory
configure:10988: $? = 1
configure: failed program was:
| /* confdefs.h */
| #define PACKAGE_NAME ""
| #define PACKAGE_TARNAME ""
| #define PACKAGE_VERSION ""
| #define PACKAGE_STRING ""
| #define PACKAGE_BUGREPORT ""
| #define PACKAGE_URL ""
| #define STDC_HEADERS 1
| #define HAVE_SYS_TYPES_H 1
| #define HAVE_SYS_STAT_H 1
| #define HAVE_STDLIB_H 1
| #define HAVE_STRING_H 1
| #define HAVE_MEMORY_H 1
| #define HAVE_STRINGS_H 1
| #define HAVE_INTTYPES_H 1
| #define HAVE_STDINT_H 1
| #define HAVE_UNISTD_H 1
| #define HAVE_DLFCN_H 1
| #define LT_OBJDIR ".libs/"
| /* end confdefs.h.  */
| #include <ac_nonexistent.h>
configure:11156: checking for ld used by g++
configure:11223: result: /usr/bin/ld -m elf_x86_64
configure:11230: checking if the linker (/usr/bin/ld -m elf_x86_64) is GNU ld
configure:11245: result: yes
configure:11300: checking whether the g++ linker (/usr/bin/ld -m elf_x86_64) supports shared libraries
configure:12213: result: yes
configure:12241: g++ -c -g -O2  conftest.cpp >&5
configure:12244: $? = 0
configure:12426: checking for g++ option to produce PIC
configure:12743: result: -fPIC -DPIC
configure:12752: checking if g++ PIC flag -fPIC -DPIC works
configure:12770: g++ -c -g -O2  -fPIC -DPIC -DPIC conftest.cpp >&5
configure:12774: $? = 0
configure:12787: result: yes
configure:12808: checking if g++ static flag -static works
configure:12836: result: no
configure:12848: checking if g++ supports -c -o file.o
configure:12869: g++ -c -g -O2  -o out/conftest2.o conftest.cpp >&5
configure:12873: $? = 0
configure:12895: result: yes
configure:12900: checking if g++ supports -c -o file.o
configure:12947: result: yes
configure:12977: checking whether the g++ linker (/usr/bin/ld -m elf_x86_64) supports shared libraries
configure:13003: result: yes
configure:13140: checking dynamic linker characteristics
configure:13521: g++ -o conftest -g -O2   -Wl,-rpath -Wl,/foo conftest.cpp  >&5
configure:13521: $? = 0
configure:13739: result: GNU/Linux ld.so
configure:13790: checking how to hardcode library paths into programs
configure:13815: result: immediate
configure:13868: checking for a BSD-compatible install
configure:13936: result: /usr/bin/install -c
configure:13947: checking whether make sets $(MAKE)
configure:13969: result: yes
configure:13979: checking for main in -ldl
configure:13998: gcc -o conftest -g -O2   conftest.c -ldl   >&5
configure:13998: $? = 0
configure:14007: result: yes
configure:14018: checking for socket in -lsocket
configure:14043: gcc -o conftest -g -O2   conftest.c -lsocket  -ldl  >&5
/usr/bin/ld: cannot find -lsocket
collect2: ld returned 1 exit status
configure:14043: $? = 1
configure: failed program was:
| /* confdefs.h */
| #define PACKAGE_NAME ""
| #define PACKAGE_TARNAME ""
| #define PACKAGE_VERSION ""
| #define PACKAGE_STRING ""
| #define PACKAGE_BUGREPORT ""
| #define PACKAGE_URL ""
| #define STDC_HEADERS 1
| #define HAVE_SYS_TYPES_H 1
| #define HAVE_SYS_STAT_H 1
| #define HAVE_STDLIB_H 1
| #define HAVE_STRING_H 1
| #define HAVE_MEMORY_H 1
| #define HAVE_STRINGS_H 1
| #define HAVE_INTTYPES_H 1
| #define HAVE_STDINT_H 1
| #define HAVE_UNISTD_H 1
| #define HAVE_DLFCN_H 1
| #define LT_OBJDIR ".libs/"
| #define HAVE_LIBDL 1
| /* end confdefs.h.  */
| 
| /* Override any GCC internal prototype to avoid an error.
|    Use char because int might match the return type of a GCC
|    builtin and then its argument prototype would still apply.  */
| #ifdef __cplusplus
| extern "C"
| #endif
| char socket ();
| int
| main ()
| {
| return socket ();
|   ;
|   return 0;
| }
configure:14052: result: no
configure:14065: checking for daemon
configure:14065: gcc -o conftest -g -O2   conftest.c -ldl  >&5
configure:14065: $? = 0
configure:14065: result: yes
configure:14482: creating ./config.status

## ---------------------- ##
## Running config.status. ##
## ---------------------- ##

This file was extended by config.status, which was
generated by GNU Autoconf 2.68.  Invocation command line was

  CONFIG_FILES    = 
  CONFIG_HEADERS  = 
  CONFIG_LINKS    = 
  CONFIG_COMMANDS = 
  $ ./config.status 

on ip-10-101-21-178

config.status:1133: creating Makefile
config.status:1133: creating config.mk
config.status:1133: creating stmd-exts.sh
config.status:1133: creating rc.d/jp.ac.nii.cs.getassoc.stmd.plist
config.status:1133: creating rc.d/stmd-sl
config.status:1133: creating rc.d/stmd
config.status:1133: creating config.h
config.status:1322: executing libtool commands

## ---------------- ##
## Cache variables. ##
## ---------------- ##

ac_cv_build=x86_64-unknown-linux-gnu
ac_cv_c_compiler_gnu=yes
ac_cv_cxx_compiler_gnu=yes
ac_cv_env_CCC_set=
ac_cv_env_CCC_value=
ac_cv_env_CC_set=
ac_cv_env_CC_value=
ac_cv_env_CFLAGS_set=
ac_cv_env_CFLAGS_value=
ac_cv_env_CPPFLAGS_set=
ac_cv_env_CPPFLAGS_value=
ac_cv_env_CPP_set=
ac_cv_env_CPP_value=
ac_cv_env_CXXCPP_set=
ac_cv_env_CXXCPP_value=
ac_cv_env_CXXFLAGS_set=
ac_cv_env_CXXFLAGS_value=
ac_cv_env_CXX_set=
ac_cv_env_CXX_value=
ac_cv_env_LDFLAGS_set=
ac_cv_env_LDFLAGS_value=
ac_cv_env_LIBS_set=
ac_cv_env_LIBS_value=
ac_cv_env_build_alias_set=
ac_cv_env_build_alias_value=
ac_cv_env_host_alias_set=
ac_cv_env_host_alias_value=
ac_cv_env_target_alias_set=
ac_cv_env_target_alias_value=
ac_cv_func_daemon=yes
ac_cv_header_dlfcn_h=yes
ac_cv_header_inttypes_h=yes
ac_cv_header_memory_h=yes
ac_cv_header_stdc=yes
ac_cv_header_stdint_h=yes
ac_cv_header_stdlib_h=yes
ac_cv_header_string_h=yes
ac_cv_header_strings_h=yes
ac_cv_header_sys_stat_h=yes
ac_cv_header_sys_types_h=yes
ac_cv_header_unistd_h=yes
ac_cv_host=x86_64-unknown-linux-gnu
ac_cv_lib_dl_main=yes
ac_cv_lib_socket_socket=no
ac_cv_objext=o
ac_cv_path_EGREP='/bin/grep -E'
ac_cv_path_FGREP='/bin/grep -F'
ac_cv_path_GREP=/bin/grep
ac_cv_path_SED=/bin/sed
ac_cv_path_install='/usr/bin/install -c'
ac_cv_prog_CPP='gcc -E'
ac_cv_prog_CXXCPP='g++ -E'
ac_cv_prog_ac_ct_AR=ar
ac_cv_prog_ac_ct_CC=gcc
ac_cv_prog_ac_ct_CXX=g++
ac_cv_prog_ac_ct_OBJDUMP=objdump
ac_cv_prog_ac_ct_RANLIB=ranlib
ac_cv_prog_ac_ct_STRIP=strip
ac_cv_prog_cc_c89=
ac_cv_prog_cc_g=yes
ac_cv_prog_cxx_g=yes
ac_cv_prog_make_make_set=yes
lt_cv_deplibs_check_method=pass_all
lt_cv_file_magic_cmd='$MAGIC_CMD'
lt_cv_file_magic_test_file=
lt_cv_ld_reload_flag=-r
lt_cv_nm_interface='BSD nm'
lt_cv_objdir=.libs
lt_cv_path_LD=/usr/bin/ld
lt_cv_path_LDCXX='/usr/bin/ld -m elf_x86_64'
lt_cv_path_NM='/usr/bin/nm -B'
lt_cv_prog_compiler_c_o=yes
lt_cv_prog_compiler_c_o_CXX=yes
lt_cv_prog_compiler_pic_works=yes
lt_cv_prog_compiler_pic_works_CXX=yes
lt_cv_prog_compiler_rtti_exceptions=no
lt_cv_prog_compiler_static_works=no
lt_cv_prog_compiler_static_works_CXX=no
lt_cv_prog_gnu_ld=yes
lt_cv_prog_gnu_ldcxx=yes
lt_cv_sys_global_symbol_pipe='sed -n -e '\''s/^.*[	 ]\([ABCDGIRSTW][ABCDGIRSTW]*\)[	 ][	 ]*\([_A-Za-z][_A-Za-z0-9]*\)$/\1 \2 \2/p'\'''
lt_cv_sys_global_symbol_to_c_name_address='sed -n -e '\''s/^: \([^ ]*\) $/  {\"\1\", (void *) 0},/p'\'' -e '\''s/^[ABCDGIRSTW]* \([^ ]*\) \([^ ]*\)$/  {"\2", (void *) \&\2},/p'\'''
lt_cv_sys_global_symbol_to_c_name_address_lib_prefix='sed -n -e '\''s/^: \([^ ]*\) $/  {\"\1\", (void *) 0},/p'\'' -e '\''s/^[ABCDGIRSTW]* \([^ ]*\) \(lib[^ ]*\)$/  {"\2", (void *) \&\2},/p'\'' -e '\''s/^[ABCDGIRSTW]* \([^ ]*\) \([^ ]*\)$/  {"lib\2", (void *) \&\2},/p'\'''
lt_cv_sys_global_symbol_to_cdecl='sed -n -e '\''s/^T .* \(.*\)$/extern int \1();/p'\'' -e '\''s/^[ABCDGIRSTW]* .* \(.*\)$/extern char \1;/p'\'''
lt_cv_sys_max_cmd_len=1572864

## ----------------- ##
## Output variables. ##
## ----------------- ##

ALLSRC='$^'
ANSI_SOURCE='yes'
AR='ar'
CC='gcc'
CFLAGS='-g -O2'
CHASENCONFIG='/usr/local/bin/chasen-config'
CPP='gcc -E'
CPPFLAGS=''
CXX='g++'
CXXCPP='g++ -E'
CXXFLAGS='-g -O2'
DEFAULTSTEMMER='MECAB'
DEFAULT_STEMMER=''
DEFS='-DHAVE_CONFIG_H'
DSYMUTIL=''
DUMPBIN=''
ECHO_C=''
ECHO_N='-n'
ECHO_T=''
EFI='),)'
EGREP='/bin/grep -E'
ELSE='else'
ENABLE_MECAB_OPTS=''
ENDIF='endif'
EVAL_BEGIN='$(shell '
EVAL_END=')'
EXEEXT=''
FGREP='/bin/grep -F'
GREP='/bin/grep'
ICUCONFIG='/usr/bin/icu-config'
IFEMPTY='ifeq ($('
IFEXISTS='ifneq ($(strip $(shell ls '
IFNEMPTY='ifneq ($('
INSTALL_DATA='${INSTALL} -m 644'
INSTALL_PROGRAM='${INSTALL}'
INSTALL_SCRIPT='${INSTALL}'
KILL3NUMBER='yes'
LD='/usr/bin/ld -m elf_x86_64'
LDFLAGS=''
LIBOBJS=''
LIBS='-ldl '
LIBTOOL='$(SHELL) $(top_builddir)/libtool'
LIPO=''
LN_S='ln -s'
LTLIBOBJS=''
MECABCONFIG='/usr/local/bin/mecab-config'
MECABKIHONINDEX='6'
NM='/usr/bin/nm -B'
NMEDIT=''
NSTMSDIR=''
NSTMSXBASE=''
NSTMSXDIR=''
OBJDUMP='objdump'
OBJEXT='o'
OTOOL64=''
OTOOL=''
PACKAGE_BUGREPORT=''
PACKAGE_NAME=''
PACKAGE_STRING=''
PACKAGE_TARNAME=''
PACKAGE_URL=''
PACKAGE_VERSION=''
PATH_SEPARATOR=':'
POSTAGDIR=''
POSTAGSTEMINFDIR=''
RANLIB='ranlib'
SED='/bin/sed'
SET_MAKE=''
SHELL='/bin/sh'
SNOWBALLDIR='/usr/local'
STRIP='strip'
USECHASEN=''
USEEXTS=''
USEMECAB='yes'
USENSTMS=''
USEPOSTAG=''
USESNOWBALL=''
XFI=')),)'
ac_ct_CC='gcc'
ac_ct_CXX='g++'
ac_ct_DUMPBIN=''
bindir='${exec_prefix}/bin'
build='x86_64-unknown-linux-gnu'
build_alias=''
build_cpu='x86_64'
build_os='linux-gnu'
build_vendor='unknown'
datadir='${datarootdir}'
datarootdir='${prefix}/share'
docdir='${datarootdir}/doc/${PACKAGE}'
dvidir='${docdir}'
exec_prefix='${prefix}'
host='x86_64-unknown-linux-gnu'
host_alias=''
host_cpu='x86_64'
host_os='linux-gnu'
host_vendor='unknown'
htmldir='${docdir}'
includedir='${prefix}/include'
infodir='${datarootdir}/info'
libdir='${exec_prefix}/lib'
libexecdir='${exec_prefix}/libexec'
localedir='${datarootdir}/locale'
localstatedir='${prefix}/var'
lt_ECHO='echo'
mandir='${datarootdir}/man'
oldincludedir='/usr/include'
pdfdir='${docdir}'
prefix='/usr/local'
program_transform_name='s,x,x,'
psdir='${docdir}'
sbindir='${exec_prefix}/sbin'
sharedstatedir='${prefix}/com'
sysconfdir='${prefix}/etc'
target_alias=''

## ----------- ##
## confdefs.h. ##
## ----------- ##

/* confdefs.h */
#define PACKAGE_NAME ""
#define PACKAGE_TARNAME ""
#define PACKAGE_VERSION ""
#define PACKAGE_STRING ""
#define PACKAGE_BUGREPORT ""
#define PACKAGE_URL ""
#define STDC_HEADERS 1
#define HAVE_SYS_TYPES_H 1
#define HAVE_SYS_STAT_H 1
#define HAVE_STDLIB_H 1
#define HAVE_STRING_H 1
#define HAVE_MEMORY_H 1
#define HAVE_STRINGS_H 1
#define HAVE_INTTYPES_H 1
#define HAVE_STDINT_H 1
#define HAVE_UNISTD_H 1
#define HAVE_DLFCN_H 1
#define LT_OBJDIR ".libs/"
#define HAVE_LIBDL 1
#define HAVE_DAEMON 1

configure: exit 0
