This file contains any messages produced by compilers while
running configure, to aid debugging if configure makes a mistake.

It was created by configure, which was
generated by GNU Autoconf 2.68.  Invocation command line was

  $ ./configure --with-icu-config=/usr/bin/icu-config --with-expatdir=/usr --prefix=/data/lib/geta --enable-allowerror=yes --enable-lp64=yes

## --------- ##
## Platform. ##
## --------- ##

hostname = ip-10-101-21-178
uname -m = x86_64
uname -r = 3.2.21-1.32.6.amzn1.x86_64
uname -s = Linux
uname -v = #1 SMP Sat Jun 23 02:32:15 UTC 2012

/usr/bin/uname -p = unknown
/bin/uname -X     = unknown

/bin/arch              = x86_64
/usr/bin/arch -k       = unknown
/usr/convex/getsysinfo = unknown
/usr/bin/hostinfo      = unknown
/bin/machine           = unknown
/usr/bin/oslevel       = unknown
/bin/universe          = unknown

PATH: /usr/local/bin
PATH: /bin
PATH: /usr/bin
PATH: /usr/local/sbin
PATH: /usr/sbin
PATH: /sbin
PATH: /opt/aws/bin
PATH: /home/ec2-user/bin


## ----------- ##
## Core tests. ##
## ----------- ##

configure:2508: checking build system type
configure:2522: result: x86_64-unknown-linux-gnu
configure:2542: checking host system type
configure:2555: result: x86_64-unknown-linux-gnu
configure:2623: checking for gcc
configure:2639: found /usr/bin/gcc
configure:2650: result: gcc
configure:2879: checking for C compiler version
configure:2888: gcc --version >&5
gcc (GCC) 4.4.6 20110731 (Red Hat 4.4.6-3)
Copyright (C) 2010 Free Software Foundation, Inc.
This is free software; see the source for copying conditions.  There is NO
warranty; not even for MERCHANTABILITY or FITNESS FOR A PARTICULAR PURPOSE.

configure:2899: $? = 0
configure:2888: gcc -v >&5
Using built-in specs.
Target: x86_64-amazon-linux
Configured with: ../configure --prefix=/usr --mandir=/usr/share/man --infodir=/usr/share/info --with-bugurl=http://bugzilla.redhat.com/bugzilla --enable-bootstrap --enable-shared --enable-threads=posix --enable-checking=release --with-system-zlib --enable-__cxa_atexit --disable-libunwind-exceptions --enable-gnu-unique-object --disable-gjdoc --enable-languages=c,c++,objc,obj-c++,java,fortran,ada --disable-libgcj --with-ppl --with-cloog --with-tune=generic --with-arch_32=i686 --build=x86_64-amazon-linux
Thread model: posix
gcc version 4.4.6 20110731 (Red Hat 4.4.6-3) (GCC) 
configure:2899: $? = 0
configure:2888: gcc -V >&5
gcc: '-V' option must have argument
configure:2899: $? = 1
configure:2888: gcc -qversion >&5
gcc: unrecognized option '-qversion'
gcc: no input files
configure:2899: $? = 1
configure:2919: checking whether the C compiler works
configure:2941: gcc    conftest.c  >&5
configure:2945: $? = 0
configure:2993: result: yes
configure:2996: checking for C compiler default output file name
configure:2998: result: a.out
configure:3004: checking for suffix of executables
configure:3011: gcc -o conftest    conftest.c  >&5
configure:3015: $? = 0
configure:3037: result: 
configure:3059: checking whether we are cross compiling
configure:3067: gcc -o conftest    conftest.c  >&5
configure:3071: $? = 0
configure:3078: ./conftest
configure:3082: $? = 0
configure:3097: result: no
configure:3102: checking for suffix of object files
configure:3124: gcc -c   conftest.c >&5
configure:3128: $? = 0
configure:3149: result: o
configure:3153: checking whether we are using the GNU C compiler
configure:3172: gcc -c   conftest.c >&5
configure:3172: $? = 0
configure:3181: result: yes
configure:3190: checking whether gcc accepts -g
configure:3210: gcc -c -g  conftest.c >&5
configure:3210: $? = 0
configure:3251: result: yes
configure:3268: checking for gcc option to accept ISO C89
configure:3332: gcc  -c -g -O2  conftest.c >&5
configure:3332: $? = 0
configure:3345: result: none needed
configure:3365: checking for a sed that does not truncate output
configure:3429: result: /bin/sed
configure:3447: checking for grep that handles long lines and -e
configure:3505: result: /bin/grep
configure:3510: checking for egrep
configure:3572: result: /bin/grep -E
configure:3577: checking for fgrep
configure:3639: result: /bin/grep -F
configure:3674: checking for ld used by gcc
configure:3741: result: /usr/bin/ld
configure:3748: checking if the linker (/usr/bin/ld) is GNU ld
configure:3763: result: yes
configure:3775: checking for BSD- or MS-compatible name lister (nm)
configure:3824: result: /usr/bin/nm -B
configure:3942: checking the name lister (/usr/bin/nm -B) interface
configure:3949: gcc -c -g -O2  conftest.c >&5
configure:3952: /usr/bin/nm -B "conftest.o"
configure:3955: output
0000000000000000 B some_variable
configure:3962: result: BSD nm
configure:3965: checking whether ln -s works
configure:3969: result: yes
configure:3977: checking the maximum length of command line arguments
configure:4097: result: 1572864
configure:4114: checking whether the shell understands some XSI constructs
configure:4124: result: yes
configure:4128: checking whether the shell understands "+="
configure:4134: result: yes
configure:4169: checking for /usr/bin/ld option to reload object files
configure:4176: result: -r
configure:4245: checking for objdump
configure:4261: found /usr/bin/objdump
configure:4272: result: objdump
configure:4304: checking how to recognize dependent libraries
configure:4500: result: pass_all
configure:4560: checking for ar
configure:4576: found /usr/bin/ar
configure:4587: result: ar
configure:4665: checking for strip
configure:4681: found /usr/bin/strip
configure:4692: result: strip
configure:4764: checking for ranlib
configure:4780: found /usr/bin/ranlib
configure:4791: result: ranlib
configure:4881: checking command to parse /usr/bin/nm -B output from gcc object
configure:4999: gcc -c -g -O2  conftest.c >&5
configure:5002: $? = 0
configure:5006: /usr/bin/nm -B conftest.o \| sed -n -e 's/^.*[	 ]\([ABCDGIRSTW][ABCDGIRSTW]*\)[	 ][	 ]*\([_A-Za-z][_A-Za-z0-9]*\)$/\1 \2 \2/p' \> conftest.nm
configure:5009: $? = 0
configure:5063: gcc -o conftest -g -O2   conftest.c conftstm.o >&5
configure:5066: $? = 0
configure:5104: result: ok
configure:5200: gcc -c -g -O2  conftest.c >&5
configure:5203: $? = 0
configure:5913: checking how to run the C preprocessor
configure:5944: gcc -E  conftest.c
configure:5944: $? = 0
configure:5958: gcc -E  conftest.c
conftest.c:9:28: error: ac_nonexistent.h: No such file or directory
configure:5958: $? = 1
configure: failed program was:
| /* confdefs.h */
| #define PACKAGE_NAME ""
| #define PACKAGE_TARNAME ""
| #define PACKAGE_VERSION ""
| #define PACKAGE_STRING ""
| #define PACKAGE_BUGREPORT ""
| #define PACKAGE_URL ""
| /* end confdefs.h.  */
| #include <ac_nonexistent.h>
configure:5983: result: gcc -E
configure:6003: gcc -E  conftest.c
configure:6003: $? = 0
configure:6017: gcc -E  conftest.c
conftest.c:9:28: error: ac_nonexistent.h: No such file or directory
configure:6017: $? = 1
configure: failed program was:
| /* confdefs.h */
| #define PACKAGE_NAME ""
| #define PACKAGE_TARNAME ""
| #define PACKAGE_VERSION ""
| #define PACKAGE_STRING ""
| #define PACKAGE_BUGREPORT ""
| #define PACKAGE_URL ""
| /* end confdefs.h.  */
| #include <ac_nonexistent.h>
configure:6046: checking for ANSI C header files
configure:6066: gcc -c -g -O2  conftest.c >&5
configure:6066: $? = 0
configure:6139: gcc -o conftest -g -O2   conftest.c  >&5
configure:6139: $? = 0
configure:6139: ./conftest
configure:6139: $? = 0
configure:6150: result: yes
configure:6163: checking for sys/types.h
configure:6163: gcc -c -g -O2  conftest.c >&5
configure:6163: $? = 0
configure:6163: result: yes
configure:6163: checking for sys/stat.h
configure:6163: gcc -c -g -O2  conftest.c >&5
configure:6163: $? = 0
configure:6163: result: yes
configure:6163: checking for stdlib.h
configure:6163: gcc -c -g -O2  conftest.c >&5
configure:6163: $? = 0
configure:6163: result: yes
configure:6163: checking for string.h
configure:6163: gcc -c -g -O2  conftest.c >&5
configure:6163: $? = 0
configure:6163: result: yes
configure:6163: checking for memory.h
configure:6163: gcc -c -g -O2  conftest.c >&5
configure:6163: $? = 0
configure:6163: result: yes
configure:6163: checking for strings.h
configure:6163: gcc -c -g -O2  conftest.c >&5
configure:6163: $? = 0
configure:6163: result: yes
configure:6163: checking for inttypes.h
configure:6163: gcc -c -g -O2  conftest.c >&5
configure:6163: $? = 0
configure:6163: result: yes
configure:6163: checking for stdint.h
configure:6163: gcc -c -g -O2  conftest.c >&5
configure:6163: $? = 0
configure:6163: result: yes
configure:6163: checking for unistd.h
configure:6163: gcc -c -g -O2  conftest.c >&5
configure:6163: $? = 0
configure:6163: result: yes
configure:6177: checking for dlfcn.h
configure:6177: gcc -c -g -O2  conftest.c >&5
configure:6177: $? = 0
configure:6177: result: yes
configure:6361: checking for objdir
configure:6376: result: .libs
configure:6668: checking if gcc supports -fno-rtti -fno-exceptions
configure:6686: gcc -c -g -O2  -fno-rtti -fno-exceptions conftest.c >&5
cc1: warning: command line option "-fno-rtti" is valid for C++/ObjC++ but not for C
configure:6690: $? = 0
configure:6703: result: no
configure:6723: checking for gcc option to produce PIC
configure:6995: result: -fPIC -DPIC
configure:7007: checking if gcc PIC flag -fPIC -DPIC works
configure:7025: gcc -c -g -O2  -fPIC -DPIC -DPIC conftest.c >&5
configure:7029: $? = 0
configure:7042: result: yes
configure:7066: checking if gcc static flag -static works
configure:7094: result: no
configure:7109: checking if gcc supports -c -o file.o
configure:7130: gcc -c -g -O2  -o out/conftest2.o conftest.c >&5
configure:7134: $? = 0
configure:7156: result: yes
configure:7164: checking if gcc supports -c -o file.o
configure:7211: result: yes
configure:7244: checking whether the gcc linker (/usr/bin/ld -m elf_x86_64) supports shared libraries
configure:8230: result: yes
configure:8267: checking whether -lc should be explicitly linked in
configure:8272: gcc -c -g -O2  conftest.c >&5
configure:8275: $? = 0
configure:8290: gcc -shared conftest.o  -v -Wl,-soname -Wl,conftest -o conftest 2\>\&1 \| /bin/grep  -lc  \>/dev/null 2\>\&1
configure:8293: $? = 0
configure:8305: result: no
configure:8469: checking dynamic linker characteristics
configure:8902: gcc -o conftest -g -O2   -Wl,-rpath -Wl,/foo conftest.c  >&5
configure:8902: $? = 0
configure:9120: result: GNU/Linux ld.so
configure:9222: checking how to hardcode library paths into programs
configure:9247: result: immediate
configure:9767: checking whether stripping libraries is possible
configure:9772: result: yes
configure:9807: checking if libtool supports shared libraries
configure:9809: result: yes
configure:9812: checking whether to build shared libraries
configure:9833: result: yes
configure:9836: checking whether to build static libraries
configure:9840: result: yes
configure:9923: checking for gcc
configure:9950: result: gcc
configure:10179: checking for C compiler version
configure:10188: gcc --version >&5
gcc (GCC) 4.4.6 20110731 (Red Hat 4.4.6-3)
Copyright (C) 2010 Free Software Foundation, Inc.
This is free software; see the source for copying conditions.  There is NO
warranty; not even for MERCHANTABILITY or FITNESS FOR A PARTICULAR PURPOSE.

configure:10199: $? = 0
configure:10188: gcc -v >&5
Using built-in specs.
Target: x86_64-amazon-linux
Configured with: ../configure --prefix=/usr --mandir=/usr/share/man --infodir=/usr/share/info --with-bugurl=http://bugzilla.redhat.com/bugzilla --enable-bootstrap --enable-shared --enable-threads=posix --enable-checking=release --with-system-zlib --enable-__cxa_atexit --disable-libunwind-exceptions --enable-gnu-unique-object --disable-gjdoc --enable-languages=c,c++,objc,obj-c++,java,fortran,ada --disable-libgcj --with-ppl --with-cloog --with-tune=generic --with-arch_32=i686 --build=x86_64-amazon-linux
Thread model: posix
gcc version 4.4.6 20110731 (Red Hat 4.4.6-3) (GCC) 
configure:10199: $? = 0
configure:10188: gcc -V >&5
gcc: '-V' option must have argument
configure:10199: $? = 1
configure:10188: gcc -qversion >&5
gcc: unrecognized option '-qversion'
gcc: no input files
configure:10199: $? = 1
configure:10203: checking whether we are using the GNU C compiler
configure:10231: result: yes
configure:10240: checking whether gcc accepts -g
configure:10301: result: yes
configure:10318: checking for gcc option to accept ISO C89
configure:10395: result: none needed
configure:10473: checking for g++
configure:10489: found /usr/bin/g++
configure:10500: result: g++
configure:10527: checking for C++ compiler version
configure:10536: g++ --version >&5
g++ (GCC) 4.4.6 20110731 (Red Hat 4.4.6-3)
Copyright (C) 2010 Free Software Foundation, Inc.
This is free software; see the source for copying conditions.  There is NO
warranty; not even for MERCHANTABILITY or FITNESS FOR A PARTICULAR PURPOSE.

configure:10547: $? = 0
configure:10536: g++ -v >&5
Using built-in specs.
Target: x86_64-amazon-linux
Configured with: ../configure --prefix=/usr --mandir=/usr/share/man --infodir=/usr/share/info --with-bugurl=http://bugzilla.redhat.com/bugzilla --enable-bootstrap --enable-shared --enable-threads=posix --enable-checking=release --with-system-zlib --enable-__cxa_atexit --disable-libunwind-exceptions --enable-gnu-unique-object --disable-gjdoc --enable-languages=c,c++,objc,obj-c++,java,fortran,ada --disable-libgcj --with-ppl --with-cloog --with-tune=generic --with-arch_32=i686 --build=x86_64-amazon-linux
Thread model: posix
gcc version 4.4.6 20110731 (Red Hat 4.4.6-3) (GCC) 
configure:10547: $? = 0
configure:10536: g++ -V >&5
g++: '-V' option must have argument
configure:10547: $? = 1
configure:10536: g++ -qversion >&5
g++: unrecognized option '-qversion'
g++: no input files
configure:10547: $? = 1
configure:10551: checking whether we are using the GNU C++ compiler
configure:10570: g++ -c   conftest.cpp >&5
configure:10570: $? = 0
configure:10579: result: yes
configure:10588: checking whether g++ accepts -g
configure:10608: g++ -c -g  conftest.cpp >&5
configure:10608: $? = 0
configure:10649: result: yes
configure:10785: checking for C++ compiler version
configure:10794: g++ --version >&5
g++ (GCC) 4.4.6 20110731 (Red Hat 4.4.6-3)
Copyright (C) 2010 Free Software Foundation, Inc.
This is free software; see the source for copying conditions.  There is NO
warranty; not even for MERCHANTABILITY or FITNESS FOR A PARTICULAR PURPOSE.

configure:10805: $? = 0
configure:10794: g++ -v >&5
Using built-in specs.
Target: x86_64-amazon-linux
Configured with: ../configure --prefix=/usr --mandir=/usr/share/man --infodir=/usr/share/info --with-bugurl=http://bugzilla.redhat.com/bugzilla --enable-bootstrap --enable-shared --enable-threads=posix --enable-checking=release --with-system-zlib --enable-__cxa_atexit --disable-libunwind-exceptions --enable-gnu-unique-object --disable-gjdoc --enable-languages=c,c++,objc,obj-c++,java,fortran,ada --disable-libgcj --with-ppl --with-cloog --with-tune=generic --with-arch_32=i686 --build=x86_64-amazon-linux
Thread model: posix
gcc version 4.4.6 20110731 (Red Hat 4.4.6-3) (GCC) 
configure:10805: $? = 0
configure:10794: g++ -V >&5
g++: '-V' option must have argument
configure:10805: $? = 1
configure:10794: g++ -qversion >&5
g++: unrecognized option '-qversion'
g++: no input files
configure:10805: $? = 1
configure:10809: checking whether we are using the GNU C++ compiler
configure:10837: result: yes
configure:10846: checking whether g++ accepts -g
configure:10907: result: yes
configure:10938: checking how to run the C++ preprocessor
configure:10965: g++ -E  conftest.cpp
configure:10965: $? = 0
configure:10979: g++ -E  conftest.cpp
conftest.cpp:21:28: error: ac_nonexistent.h: No such file or directory
configure:10979: $? = 1
configure: failed program was:
| /* confdefs.h */
| #define PACKAGE_NAME ""
| #define PACKAGE_TARNAME ""
| #define PACKAGE_VERSION ""
| #define PACKAGE_STRING ""
| #define PACKAGE_BUGREPORT ""
| #define PACKAGE_URL ""
| #define STDC_HEADERS 1
| #define HAVE_SYS_TYPES_H 1
| #define HAVE_SYS_STAT_H 1
| #define HAVE_STDLIB_H 1
| #define HAVE_STRING_H 1
| #define HAVE_MEMORY_H 1
| #define HAVE_STRINGS_H 1
| #define HAVE_INTTYPES_H 1
| #define HAVE_STDINT_H 1
| #define HAVE_UNISTD_H 1
| #define HAVE_DLFCN_H 1
| #define LT_OBJDIR ".libs/"
| /* end confdefs.h.  */
| #include <ac_nonexistent.h>
configure:11004: result: g++ -E
configure:11024: g++ -E  conftest.cpp
configure:11024: $? = 0
configure:11038: g++ -E  conftest.cpp
conftest.cpp:21:28: error: ac_nonexistent.h: No such file or directory
configure:11038: $? = 1
configure: failed program was:
| /* confdefs.h */
| #define PACKAGE_NAME ""
| #define PACKAGE_TARNAME ""
| #define PACKAGE_VERSION ""
| #define PACKAGE_STRING ""
| #define PACKAGE_BUGREPORT ""
| #define PACKAGE_URL ""
| #define STDC_HEADERS 1
| #define HAVE_SYS_TYPES_H 1
| #define HAVE_SYS_STAT_H 1
| #define HAVE_STDLIB_H 1
| #define HAVE_STRING_H 1
| #define HAVE_MEMORY_H 1
| #define HAVE_STRINGS_H 1
| #define HAVE_INTTYPES_H 1
| #define HAVE_STDINT_H 1
| #define HAVE_UNISTD_H 1
| #define HAVE_DLFCN_H 1
| #define LT_OBJDIR ".libs/"
| /* end confdefs.h.  */
| #include <ac_nonexistent.h>
configure:11206: checking for ld used by g++
configure:11273: result: /usr/bin/ld -m elf_x86_64
configure:11280: checking if the linker (/usr/bin/ld -m elf_x86_64) is GNU ld
configure:11295: result: yes
configure:11350: checking whether the g++ linker (/usr/bin/ld -m elf_x86_64) supports shared libraries
configure:12263: result: yes
configure:12291: g++ -c -g -O2  conftest.cpp >&5
configure:12294: $? = 0
configure:12476: checking for g++ option to produce PIC
configure:12793: result: -fPIC -DPIC
configure:12802: checking if g++ PIC flag -fPIC -DPIC works
configure:12820: g++ -c -g -O2  -fPIC -DPIC -DPIC conftest.cpp >&5
configure:12824: $? = 0
configure:12837: result: yes
configure:12858: checking if g++ static flag -static works
configure:12886: result: no
configure:12898: checking if g++ supports -c -o file.o
configure:12919: g++ -c -g -O2  -o out/conftest2.o conftest.cpp >&5
configure:12923: $? = 0
configure:12945: result: yes
configure:12950: checking if g++ supports -c -o file.o
configure:12997: result: yes
configure:13027: checking whether the g++ linker (/usr/bin/ld -m elf_x86_64) supports shared libraries
configure:13053: result: yes
configure:13190: checking dynamic linker characteristics
configure:13571: g++ -o conftest -g -O2   -Wl,-rpath -Wl,/foo conftest.cpp  >&5
configure:13571: $? = 0
configure:13789: result: GNU/Linux ld.so
configure:13840: checking how to hardcode library paths into programs
configure:13865: result: immediate
configure:13918: checking for a BSD-compatible install
configure:13986: result: /usr/bin/install -c
configure:13997: checking whether make sets $(MAKE)
configure:14019: result: yes
configure:14032: checking for bison
configure:14048: found /usr/bin/bison
configure:14059: result: bison -y
configure:14072: checking for log in -lm
configure:14097: gcc -o conftest -g -O2   conftest.c -lm   >&5
conftest.c:28: warning: conflicting types for built-in function 'log'
configure:14097: $? = 0
configure:14106: result: yes
configure:14117: checking for main in -ldl
configure:14136: gcc -o conftest -g -O2   conftest.c -ldl  -lm  >&5
configure:14136: $? = 0
configure:14145: result: yes
configure:14156: checking for socket in -lsocket
configure:14181: gcc -o conftest -g -O2   conftest.c -lsocket  -ldl -lm  >&5
/usr/bin/ld: cannot find -lsocket
collect2: ld returned 1 exit status
configure:14181: $? = 1
configure: failed program was:
| /* confdefs.h */
| #define PACKAGE_NAME ""
| #define PACKAGE_TARNAME ""
| #define PACKAGE_VERSION ""
| #define PACKAGE_STRING ""
| #define PACKAGE_BUGREPORT ""
| #define PACKAGE_URL ""
| #define STDC_HEADERS 1
| #define HAVE_SYS_TYPES_H 1
| #define HAVE_SYS_STAT_H 1
| #define HAVE_STDLIB_H 1
| #define HAVE_STRING_H 1
| #define HAVE_MEMORY_H 1
| #define HAVE_STRINGS_H 1
| #define HAVE_INTTYPES_H 1
| #define HAVE_STDINT_H 1
| #define HAVE_UNISTD_H 1
| #define HAVE_DLFCN_H 1
| #define LT_OBJDIR ".libs/"
| #define HAVE_LIBM 1
| #define HAVE_LIBDL 1
| /* end confdefs.h.  */
| 
| /* Override any GCC internal prototype to avoid an error.
|    Use char because int might match the return type of a GCC
|    builtin and then its argument prototype would still apply.  */
| #ifdef __cplusplus
| extern "C"
| #endif
| char socket ();
| int
| main ()
| {
| return socket ();
|   ;
|   return 0;
| }
configure:14190: result: no
configure:14204: checking for mkdtemp
configure:14204: gcc -o conftest -g -O2   conftest.c -ldl -lm  >&5
configure:14204: $? = 0
configure:14204: result: yes
configure:14215: checking for setenv
configure:14215: gcc -o conftest -g -O2   conftest.c -ldl -lm  >&5
configure:14215: $? = 0
configure:14215: result: yes
configure:14226: checking for heapsort
configure:14226: gcc -o conftest -g -O2   conftest.c -ldl -lm  >&5
/tmp/cc1rAQeO.o: In function `main':
/home/ec2-user/stmd-1.1.5/getassoc-1.1.5/conftest.c:59: undefined reference to `heapsort'
collect2: ld returned 1 exit status
configure:14226: $? = 1
configure: failed program was:
| /* confdefs.h */
| #define PACKAGE_NAME ""
| #define PACKAGE_TARNAME ""
| #define PACKAGE_VERSION ""
| #define PACKAGE_STRING ""
| #define PACKAGE_BUGREPORT ""
| #define PACKAGE_URL ""
| #define STDC_HEADERS 1
| #define HAVE_SYS_TYPES_H 1
| #define HAVE_SYS_STAT_H 1
| #define HAVE_STDLIB_H 1
| #define HAVE_STRING_H 1
| #define HAVE_MEMORY_H 1
| #define HAVE_STRINGS_H 1
| #define HAVE_INTTYPES_H 1
| #define HAVE_STDINT_H 1
| #define HAVE_UNISTD_H 1
| #define HAVE_DLFCN_H 1
| #define LT_OBJDIR ".libs/"
| #define HAVE_LIBM 1
| #define HAVE_LIBDL 1
| #define HAVE_MKDTEMP 1
| #define HAVE_SETENV 1
| /* end confdefs.h.  */
| /* Define heapsort to an innocuous variant, in case <limits.h> declares heapsort.
|    For example, HP-UX 11i <limits.h> declares gettimeofday.  */
| #define heapsort innocuous_heapsort
| 
| /* System header to define __stub macros and hopefully few prototypes,
|     which can conflict with char heapsort (); below.
|     Prefer <limits.h> to <assert.h> if __STDC__ is defined, since
|     <limits.h> exists even on freestanding compilers.  */
| 
| #ifdef __STDC__
| # include <limits.h>
| #else
| # include <assert.h>
| #endif
| 
| #undef heapsort
| 
| /* Override any GCC internal prototype to avoid an error.
|    Use char because int might match the return type of a GCC
|    builtin and then its argument prototype would still apply.  */
| #ifdef __cplusplus
| extern "C"
| #endif
| char heapsort ();
| /* The GNU C library defines this for functions which it implements
|     to always fail with ENOSYS.  Some functions are actually named
|     something starting with __ and the normal name is an alias.  */
| #if defined __stub_heapsort || defined __stub___heapsort
| choke me
| #endif
| 
| int
| main ()
| {
| return heapsort ();
|   ;
|   return 0;
| }
configure:14226: result: no
configure:14237: checking for fts_open
configure:14237: gcc -o conftest -g -O2   conftest.c -ldl -lm  >&5
configure:14237: $? = 0
configure:14237: result: yes
configure:14248: checking for nftw
configure:14248: gcc -o conftest -g -O2   conftest.c -ldl -lm  >&5
configure:14248: $? = 0
configure:14248: result: yes
configure:14260: checking for pax
configure:14278: found /usr/bin/pax
configure:14290: result: /usr/bin/pax
configure:14300: checking for mv
configure:14318: found /bin/mv
configure:14330: result: /bin/mv
configure:14340: checking for rm
configure:14358: found /bin/rm
configure:14370: result: /bin/rm
configure:14380: checking for uncompress
configure:14413: result: no
configure:14420: checking for gzip
configure:14438: found /bin/gzip
configure:14450: result: /bin/gzip
configure:14460: checking for bzip2
configure:14478: found /usr/bin/bzip2
configure:14490: result: /usr/bin/bzip2
configure:15114: creating ./config.status

## ---------------------- ##
## Running config.status. ##
## ---------------------- ##

This file was extended by config.status, which was
generated by GNU Autoconf 2.68.  Invocation command line was

  CONFIG_FILES    = 
  CONFIG_HEADERS  = 
  CONFIG_LINKS    = 
  CONFIG_COMMANDS = 
  $ ./config.status 

on ip-10-101-21-178

config.status:1156: creating Makefile
config.status:1156: creating rules.mk
config.status:1156: creating config.mk
config.status:1156: creating nwam.h
config.status:1156: creating ssetup
config.status:1156: creating docs/INSTALL
config.status:1156: creating config.h
config.status:1345: executing libtool commands

## ---------------- ##
## Cache variables. ##
## ---------------- ##

ac_cv_build=x86_64-unknown-linux-gnu
ac_cv_c_compiler_gnu=yes
ac_cv_cxx_compiler_gnu=yes
ac_cv_env_CCC_set=
ac_cv_env_CCC_value=
ac_cv_env_CC_set=
ac_cv_env_CC_value=
ac_cv_env_CFLAGS_set=
ac_cv_env_CFLAGS_value=
ac_cv_env_CPPFLAGS_set=
ac_cv_env_CPPFLAGS_value=
ac_cv_env_CPP_set=
ac_cv_env_CPP_value=
ac_cv_env_CXXCPP_set=
ac_cv_env_CXXCPP_value=
ac_cv_env_CXXFLAGS_set=
ac_cv_env_CXXFLAGS_value=
ac_cv_env_CXX_set=
ac_cv_env_CXX_value=
ac_cv_env_LDFLAGS_set=
ac_cv_env_LDFLAGS_value=
ac_cv_env_LIBS_set=
ac_cv_env_LIBS_value=
ac_cv_env_YACC_set=
ac_cv_env_YACC_value=
ac_cv_env_YFLAGS_set=
ac_cv_env_YFLAGS_value=
ac_cv_env_build_alias_set=
ac_cv_env_build_alias_value=
ac_cv_env_host_alias_set=
ac_cv_env_host_alias_value=
ac_cv_env_target_alias_set=
ac_cv_env_target_alias_value=
ac_cv_func_fts_open=yes
ac_cv_func_heapsort=no
ac_cv_func_mkdtemp=yes
ac_cv_func_nftw=yes
ac_cv_func_setenv=yes
ac_cv_header_dlfcn_h=yes
ac_cv_header_inttypes_h=yes
ac_cv_header_memory_h=yes
ac_cv_header_stdc=yes
ac_cv_header_stdint_h=yes
ac_cv_header_stdlib_h=yes
ac_cv_header_string_h=yes
ac_cv_header_strings_h=yes
ac_cv_header_sys_stat_h=yes
ac_cv_header_sys_types_h=yes
ac_cv_header_unistd_h=yes
ac_cv_host=x86_64-unknown-linux-gnu
ac_cv_lib_dl_main=yes
ac_cv_lib_m_log=yes
ac_cv_lib_socket_socket=no
ac_cv_objext=o
ac_cv_path_EGREP='/bin/grep -E'
ac_cv_path_FGREP='/bin/grep -F'
ac_cv_path_GREP=/bin/grep
ac_cv_path_PROG_BZIP2=/usr/bin/bzip2
ac_cv_path_PROG_GZIP=/bin/gzip
ac_cv_path_PROG_MV=/bin/mv
ac_cv_path_PROG_PAX=/usr/bin/pax
ac_cv_path_PROG_RM=/bin/rm
ac_cv_path_SED=/bin/sed
ac_cv_path_install='/usr/bin/install -c'
ac_cv_prog_CPP='gcc -E'
ac_cv_prog_CXXCPP='g++ -E'
ac_cv_prog_YACC='bison -y'
ac_cv_prog_ac_ct_AR=ar
ac_cv_prog_ac_ct_CC=gcc
ac_cv_prog_ac_ct_CXX=g++
ac_cv_prog_ac_ct_OBJDUMP=objdump
ac_cv_prog_ac_ct_RANLIB=ranlib
ac_cv_prog_ac_ct_STRIP=strip
ac_cv_prog_cc_c89=
ac_cv_prog_cc_g=yes
ac_cv_prog_cxx_g=yes
ac_cv_prog_make_make_set=yes
lt_cv_deplibs_check_method=pass_all
lt_cv_file_magic_cmd='$MAGIC_CMD'
lt_cv_file_magic_test_file=
lt_cv_ld_reload_flag=-r
lt_cv_nm_interface='BSD nm'
lt_cv_objdir=.libs
lt_cv_path_LD=/usr/bin/ld
lt_cv_path_LDCXX='/usr/bin/ld -m elf_x86_64'
lt_cv_path_NM='/usr/bin/nm -B'
lt_cv_prog_compiler_c_o=yes
lt_cv_prog_compiler_c_o_CXX=yes
lt_cv_prog_compiler_pic_works=yes
lt_cv_prog_compiler_pic_works_CXX=yes
lt_cv_prog_compiler_rtti_exceptions=no
lt_cv_prog_compiler_static_works=no
lt_cv_prog_compiler_static_works_CXX=no
lt_cv_prog_gnu_ld=yes
lt_cv_prog_gnu_ldcxx=yes
lt_cv_sys_global_symbol_pipe='sed -n -e '\''s/^.*[	 ]\([ABCDGIRSTW][ABCDGIRSTW]*\)[	 ][	 ]*\([_A-Za-z][_A-Za-z0-9]*\)$/\1 \2 \2/p'\'''
lt_cv_sys_global_symbol_to_c_name_address='sed -n -e '\''s/^: \([^ ]*\) $/  {\"\1\", (void *) 0},/p'\'' -e '\''s/^[ABCDGIRSTW]* \([^ ]*\) \([^ ]*\)$/  {"\2", (void *) \&\2},/p'\'''
lt_cv_sys_global_symbol_to_c_name_address_lib_prefix='sed -n -e '\''s/^: \([^ ]*\) $/  {\"\1\", (void *) 0},/p'\'' -e '\''s/^[ABCDGIRSTW]* \([^ ]*\) \(lib[^ ]*\)$/  {"\2", (void *) \&\2},/p'\'' -e '\''s/^[ABCDGIRSTW]* \([^ ]*\) \([^ ]*\)$/  {"lib\2", (void *) \&\2},/p'\'''
lt_cv_sys_global_symbol_to_cdecl='sed -n -e '\''s/^T .* \(.*\)$/extern int \1();/p'\'' -e '\''s/^[ABCDGIRSTW]* .* \(.*\)$/extern char \1;/p'\'''
lt_cv_sys_max_cmd_len=1572864

## ----------------- ##
## Output variables. ##
## ----------------- ##

ALLSRC='$^'
ANSI_SOURCE='yes'
AR='ar'
CC='gcc'
CFLAGS='-g -O2'
CPP='gcc -E'
CPPFLAGS=''
CXMLDIR='/usr/local'
CXX='g++'
CXXCPP='g++ -E'
CXXFLAGS='-g -O2'
DEFS='-DHAVE_CONFIG_H'
DSYMUTIL=''
DUMPBIN=''
ECHO_C=''
ECHO_N='-n'
ECHO_T=''
EFI='),)'
EGREP='/bin/grep -E'
ELSE='else'
ENABLE_ALLOWERROR='yes'
ENABLE_DARWIN_DLSIM=''
ENABLE_DB=''
ENABLE_DLSIM=''
ENABLE_GETA=''
ENABLE_INDEXP=''
ENABLE_LP64='yes'
ENABLE_MDBG=''
ENABLE_NEWLAYOUT=''
ENABLE_PROXY=''
ENABLE_REN=''
ENABLE_RIGIDSTRCMP=''
ENABLE_SHARED='yes'
ENABLE_TF64=''
ENABLE_UNIQUIFY=''
ENABLE_UTF32FSS=''
ENDIF='endif'
ESHKDIR=''
EVAL_BEGIN='$(shell '
EVAL_END=')'
EXEEXT=''
EXPATDIR='/usr'
FGREP='/bin/grep -F'
GREP='/bin/grep'
ICUCONFIG='/usr/bin/icu-config'
IFEMPTY='ifeq ($('
IFEXISTS='ifneq ($(strip $(shell ls '
IFNEMPTY='ifneq ($('
INSTALL_DATA='${INSTALL} -m 644'
INSTALL_PROGRAM='${INSTALL}'
INSTALL_SCRIPT='${INSTALL}'
LD='/usr/bin/ld -m elf_x86_64'
LDFLAGS=''
LIBOBJS=''
LIBS='-ldl -lm '
LIBTOOL='$(SHELL) $(top_builddir)/libtool'
LIPO=''
LN_S='ln -s'
LTLIBOBJS=''
MKRI_NCPU='1'
NM='/usr/bin/nm -B'
NMEDIT=''
OBJDUMP='objdump'
OBJEXT='o'
OTOOL64=''
OTOOL=''
PACKAGE_BUGREPORT=''
PACKAGE_NAME=''
PACKAGE_STRING=''
PACKAGE_TARNAME=''
PACKAGE_URL=''
PACKAGE_VERSION=''
PATH_SEPARATOR=':'
PROG_BZIP2='/usr/bin/bzip2'
PROG_GZIP='/bin/gzip'
PROG_MV='/bin/mv'
PROG_PAX='/usr/bin/pax'
PROG_RM='/bin/rm'
PROG_UNCOMPRESS=''
RANLIB='ranlib'
RN_MASTER_DB='/dev/null'
RN_METADB_URL=''
SED='/bin/sed'
SET_MAKE=''
SGETAROOT=''
SHELL='/bin/sh'
STMDDIR='/usr/local'
STMDHOST='localhost'
STMDLOCALSOCKET='/tmp/stmd.sock'
STMDSERV='stmd'
STRIP='strip'
XFI=')),)'
XFORK=''
XFSSNCPU=''
XPTHREAD=''
YACC='bison -y'
YFLAGS=''
ac_ct_CC='gcc'
ac_ct_CXX='g++'
ac_ct_DUMPBIN=''
bindir='${exec_prefix}/bin'
build='x86_64-unknown-linux-gnu'
build_alias=''
build_cpu='x86_64'
build_os='linux-gnu'
build_vendor='unknown'
datadir='${datarootdir}'
datarootdir='${prefix}/share'
docdir='${datarootdir}/doc/${PACKAGE}'
dvidir='${docdir}'
exec_prefix='${prefix}'
host='x86_64-unknown-linux-gnu'
host_alias=''
host_cpu='x86_64'
host_os='linux-gnu'
host_vendor='unknown'
htmldir='${docdir}'
includedir='${prefix}/include'
infodir='${datarootdir}/info'
libdir='${exec_prefix}/lib'
libexecdir='${exec_prefix}/libexec'
localedir='${datarootdir}/locale'
localstatedir='${prefix}/var'
lt_ECHO='echo'
mandir='${datarootdir}/man'
oldincludedir='/usr/include'
pdfdir='${docdir}'
prefix='/data/lib/geta'
program_transform_name='s,x,x,'
psdir='${docdir}'
sbindir='${exec_prefix}/sbin'
sharedstatedir='${prefix}/com'
sysconfdir='${prefix}/etc'
target_alias=''

## ----------- ##
## confdefs.h. ##
## ----------- ##

/* confdefs.h */
#define PACKAGE_NAME ""
#define PACKAGE_TARNAME ""
#define PACKAGE_VERSION ""
#define PACKAGE_STRING ""
#define PACKAGE_BUGREPORT ""
#define PACKAGE_URL ""
#define STDC_HEADERS 1
#define HAVE_SYS_TYPES_H 1
#define HAVE_SYS_STAT_H 1
#define HAVE_STDLIB_H 1
#define HAVE_STRING_H 1
#define HAVE_MEMORY_H 1
#define HAVE_STRINGS_H 1
#define HAVE_INTTYPES_H 1
#define HAVE_STDINT_H 1
#define HAVE_UNISTD_H 1
#define HAVE_DLFCN_H 1
#define LT_OBJDIR ".libs/"
#define HAVE_LIBM 1
#define HAVE_LIBDL 1
#define HAVE_MKDTEMP 1
#define HAVE_SETENV 1
#define HAVE_FTS_OPEN 1
#define HAVE_NFTW 1

configure: exit 0
